{"level":"info","message":"Listening on port 3000...","timestamp":"2018-10-22T13:12:22.298Z"}
{"level":"info","message":"Connected to mongodb://localhost/storeApp...","timestamp":"2018-10-22T13:12:23.391Z"}
{"level":"info","message":"Listening on port 3000...","timestamp":"2018-10-22T15:44:23.088Z"}
{"level":"info","message":"Listening on port 3000...","timestamp":"2018-10-22T15:44:25.531Z"}
{"level":"info","message":"Connected to mongodb://localhost/storeApp...","timestamp":"2018-10-22T15:44:26.635Z"}
{"level":"info","message":"Listening on port 3000...","timestamp":"2018-10-22T16:05:30.162Z"}
{"level":"info","message":"Connected to mongodb://localhost/storeApp...","timestamp":"2018-10-22T16:05:31.271Z"}
{"level":"info","message":"Listening on port 3000...","timestamp":"2018-10-22T16:20:41.414Z"}
{"level":"info","message":"Connected to mongodb://localhost/storeApp...","timestamp":"2018-10-22T16:20:42.494Z"}
{"level":"info","message":"Listening on port 3000...","timestamp":"2018-10-22T16:21:57.531Z"}
{"level":"info","message":"Connected to mongodb://localhost/storeApp...","timestamp":"2018-10-22T16:21:58.657Z"}
{"level":"info","message":"Listening on port 3000...","timestamp":"2018-10-22T16:22:07.807Z"}
{"level":"info","message":"Connected to mongodb://localhost/storeApp...","timestamp":"2018-10-22T16:22:08.888Z"}
{"level":"info","message":"Listening on port 3000...","timestamp":"2018-10-22T16:22:21.721Z"}
{"level":"info","message":"Connected to mongodb://localhost/storeApp...","timestamp":"2018-10-22T16:22:22.802Z"}
{"level":"info","message":"Listening on port 3000...","timestamp":"2018-10-22T16:59:09.831Z"}
{"level":"info","message":"Connected to mongodb://localhost/storeApp...","timestamp":"2018-10-22T16:59:11.106Z"}
{"level":"info","message":"Listening on port 3000...","timestamp":"2018-10-22T17:30:55.959Z"}
{"level":"info","message":"Listening on port 3000...","timestamp":"2018-10-22T17:30:58.774Z"}
{"level":"info","message":"Connected to mongodb://localhost/storeApp...","timestamp":"2018-10-22T17:30:59.845Z"}
{"level":"info","message":"Listening on port 3000...","timestamp":"2018-10-22T18:48:35.864Z"}
{"level":"info","message":"Connected to mongodb://localhost/storeApp...","timestamp":"2018-10-22T18:48:36.951Z"}
{"level":"info","message":"Listening on port 3000...","timestamp":"2018-10-22T19:48:53.137Z"}
{"level":"info","message":"Listening on port 3000...","timestamp":"2018-10-22T19:48:55.552Z"}
{"level":"info","message":"Connected to mongodb://localhost/storeApp...","timestamp":"2018-10-22T19:48:56.621Z"}
{"level":"info","message":"Listening on port 3000...","timestamp":"2018-10-22T19:49:03.237Z"}
{"level":"info","message":"Connected to mongodb://localhost/storeApp...","timestamp":"2018-10-22T19:49:04.300Z"}
{"level":"info","message":"Listening on port 3000...","timestamp":"2018-10-22T19:56:27.737Z"}
{"level":"info","message":"Connected to mongodb://localhost/storeApp...","timestamp":"2018-10-22T19:56:28.857Z"}
{"level":"info","message":"Listening on port 3000...","timestamp":"2018-10-22T20:01:20.568Z"}
{"level":"info","message":"Connected to mongodb://localhost/storeApp...","timestamp":"2018-10-22T20:01:21.708Z"}
{"level":"info","message":"Listening on port 3000...","timestamp":"2018-10-22T20:19:50.520Z"}
{"level":"info","message":"Connected to mongodb://localhost/storeApp...","timestamp":"2018-10-22T20:19:51.601Z"}
{"level":"info","message":"Listening on port 3000...","timestamp":"2018-10-22T20:21:28.834Z"}
{"level":"info","message":"Connected to mongodb://localhost/storeApp...","timestamp":"2018-10-22T20:21:29.899Z"}
{"level":"info","message":"Listening on port 3000...","timestamp":"2018-10-22T20:21:53.628Z"}
{"level":"info","message":"Connected to mongodb://localhost/storeApp...","timestamp":"2018-10-22T20:21:54.696Z"}
{"level":"info","message":"Listening on port 3000...","timestamp":"2018-10-22T20:22:13.937Z"}
{"level":"info","message":"Connected to mongodb://localhost/storeApp...","timestamp":"2018-10-22T20:22:14.980Z"}
{"level":"info","message":"Listening on port 3000...","timestamp":"2018-10-22T20:22:36.507Z"}
{"level":"info","message":"Connected to mongodb://localhost/storeApp...","timestamp":"2018-10-22T20:22:37.581Z"}
{"level":"info","message":"Listening on port 3000...","timestamp":"2018-10-22T20:25:37.702Z"}
{"level":"info","message":"Connected to mongodb://localhost/storeApp...","timestamp":"2018-10-22T20:25:38.787Z"}
{"message":"req is not defined","stack":"ReferenceError: req is not defined\n    at filterOrders (C:\\xampp\\htdocs\\Portfolio\\NodeProject\\node_try\\routes\\order.js:134:49)\n    at router.get (C:\\xampp\\htdocs\\Portfolio\\NodeProject\\node_try\\routes\\order.js:78:26)\n    at newFn (C:\\xampp\\htdocs\\Portfolio\\NodeProject\\node_try\\node_modules\\express-async-errors\\index.js:16:20)\n    at Layer.handle [as handle_request] (C:\\xampp\\htdocs\\Portfolio\\NodeProject\\node_try\\node_modules\\express\\lib\\router\\layer.js:95:5)\n    at next (C:\\xampp\\htdocs\\Portfolio\\NodeProject\\node_try\\node_modules\\express\\lib\\router\\route.js:137:13)\n    at module.exports (C:\\xampp\\htdocs\\Portfolio\\NodeProject\\node_try\\middleware\\auth.js:18:9)\n    at newFn (C:\\xampp\\htdocs\\Portfolio\\NodeProject\\node_try\\node_modules\\express-async-errors\\index.js:16:20)\n    at Layer.handle [as handle_request] (C:\\xampp\\htdocs\\Portfolio\\NodeProject\\node_try\\node_modules\\express\\lib\\router\\layer.js:95:5)\n    at next (C:\\xampp\\htdocs\\Portfolio\\NodeProject\\node_try\\node_modules\\express\\lib\\router\\route.js:137:13)\n    at Route.dispatch (C:\\xampp\\htdocs\\Portfolio\\NodeProject\\node_try\\node_modules\\express\\lib\\router\\route.js:112:3)\n    at newFn (C:\\xampp\\htdocs\\Portfolio\\NodeProject\\node_try\\node_modules\\express-async-errors\\index.js:16:20)\n    at Layer.handle [as handle_request] (C:\\xampp\\htdocs\\Portfolio\\NodeProject\\node_try\\node_modules\\express\\lib\\router\\layer.js:95:5)\n    at C:\\xampp\\htdocs\\Portfolio\\NodeProject\\node_try\\node_modules\\express\\lib\\router\\index.js:281:22\n    at Function.process_params (C:\\xampp\\htdocs\\Portfolio\\NodeProject\\node_try\\node_modules\\express\\lib\\router\\index.js:335:12)\n    at next (C:\\xampp\\htdocs\\Portfolio\\NodeProject\\node_try\\node_modules\\express\\lib\\router\\index.js:275:10)\n    at Function.handle (C:\\xampp\\htdocs\\Portfolio\\NodeProject\\node_try\\node_modules\\express\\lib\\router\\index.js:174:3)","level":"error","timestamp":"2018-10-22T20:25:49.809Z"}
{"level":"info","message":"Listening on port 3000...","timestamp":"2018-10-22T20:28:02.896Z"}
{"level":"info","message":"Connected to mongodb://localhost/storeApp...","timestamp":"2018-10-22T20:28:03.979Z"}
{"message":"monthFilter is not defined","stack":"ReferenceError: monthFilter is not defined\n    at router.get (C:\\xampp\\htdocs\\Portfolio\\NodeProject\\node_try\\routes\\order.js:84:27)\n    at <anonymous>\n    at process._tickCallback (internal/process/next_tick.js:188:7)","level":"error","timestamp":"2018-10-22T20:28:07.714Z"}
{"level":"info","message":"Listening on port 3000...","timestamp":"2018-10-22T20:30:25.486Z"}
{"level":"info","message":"Connected to mongodb://localhost/storeApp...","timestamp":"2018-10-22T20:30:26.576Z"}
{"level":"info","message":"Listening on port 3000...","timestamp":"2018-10-22T20:30:30.015Z"}
{"level":"info","message":"Connected to mongodb://localhost/storeApp...","timestamp":"2018-10-22T20:30:31.106Z"}
{"message":"monthFilter is not defined","stack":"ReferenceError: monthFilter is not defined\n    at router.get (C:\\xampp\\htdocs\\Portfolio\\NodeProject\\node_try\\routes\\order.js:84:27)\n    at <anonymous>\n    at process._tickCallback (internal/process/next_tick.js:188:7)","level":"error","timestamp":"2018-10-22T20:30:36.158Z"}
{"level":"info","message":"Listening on port 3000...","timestamp":"2018-10-22T20:30:53.504Z"}
{"level":"info","message":"Connected to mongodb://localhost/storeApp...","timestamp":"2018-10-22T20:30:54.601Z"}
{"level":"info","message":"Listening on port 3000...","timestamp":"2018-10-22T20:31:42.431Z"}
{"level":"info","message":"Connected to mongodb://localhost/storeApp...","timestamp":"2018-10-22T20:31:43.506Z"}
{"level":"info","message":"Listening on port 3000...","timestamp":"2018-10-22T20:31:59.213Z"}
{"level":"info","message":"Connected to mongodb://localhost/storeApp...","timestamp":"2018-10-22T20:32:00.277Z"}
{"level":"info","message":"Listening on port 3000...","timestamp":"2018-10-22T20:32:22.382Z"}
{"level":"info","message":"Connected to mongodb://localhost/storeApp...","timestamp":"2018-10-22T20:32:23.455Z"}
{"level":"info","message":"Listening on port 3000...","timestamp":"2018-10-22T20:33:25.648Z"}
{"level":"info","message":"Connected to mongodb://localhost/storeApp...","timestamp":"2018-10-22T20:33:26.712Z"}
{"level":"info","message":"Listening on port 3000...","timestamp":"2018-10-22T20:33:38.459Z"}
{"level":"info","message":"Connected to mongodb://localhost/storeApp...","timestamp":"2018-10-22T20:33:39.535Z"}
{"level":"info","message":"Listening on port 3000...","timestamp":"2018-10-22T20:38:03.227Z"}
{"level":"info","message":"Connected to mongodb://localhost/storeApp...","timestamp":"2018-10-22T20:38:04.303Z"}
{"level":"info","message":"Listening on port 3000...","timestamp":"2018-10-22T20:38:11.166Z"}
{"level":"info","message":"Connected to mongodb://localhost/storeApp...","timestamp":"2018-10-22T20:38:12.256Z"}
{"level":"info","message":"Listening on port 3000...","timestamp":"2018-10-22T20:38:15.166Z"}
{"level":"info","message":"Connected to mongodb://localhost/storeApp...","timestamp":"2018-10-22T20:38:16.274Z"}
{"level":"info","message":"Listening on port 3000...","timestamp":"2018-10-22T20:38:52.464Z"}
{"level":"info","message":"Connected to mongodb://localhost/storeApp...","timestamp":"2018-10-22T20:38:53.538Z"}
{"level":"info","message":"Listening on port 3000...","timestamp":"2018-10-22T20:40:33.688Z"}
{"level":"info","message":"Connected to mongodb://localhost/storeApp...","timestamp":"2018-10-22T20:40:34.763Z"}
{"level":"info","message":"Listening on port 3000...","timestamp":"2018-10-22T20:40:49.000Z"}
{"level":"info","message":"Connected to mongodb://localhost/storeApp...","timestamp":"2018-10-22T20:40:50.072Z"}
{"level":"info","message":"Listening on port 3000...","timestamp":"2018-10-22T20:41:33.465Z"}
{"level":"info","message":"Connected to mongodb://localhost/storeApp...","timestamp":"2018-10-22T20:41:34.549Z"}
{"level":"info","message":"Listening on port 3000...","timestamp":"2018-10-22T20:42:11.002Z"}
{"level":"info","message":"Listening on port 3000...","timestamp":"2018-10-22T20:42:13.583Z"}
{"level":"info","message":"Connected to mongodb://localhost/storeApp...","timestamp":"2018-10-22T20:42:14.650Z"}
{"level":"info","message":"Listening on port 3000...","timestamp":"2018-10-22T20:42:59.092Z"}
{"level":"info","message":"Connected to mongodb://localhost/storeApp...","timestamp":"2018-10-22T20:43:00.180Z"}
{"level":"info","message":"Listening on port 3000...","timestamp":"2018-10-22T20:43:24.736Z"}
{"level":"info","message":"Connected to mongodb://localhost/storeApp...","timestamp":"2018-10-22T20:43:25.814Z"}
{"level":"info","message":"Listening on port 3000...","timestamp":"2018-10-22T20:44:16.893Z"}
{"level":"info","message":"Connected to mongodb://localhost/storeApp...","timestamp":"2018-10-22T20:44:17.972Z"}
{"level":"info","message":"Listening on port 3000...","timestamp":"2018-10-22T20:56:54.205Z"}
{"level":"info","message":"Listening on port 3000...","timestamp":"2018-10-22T20:56:57.440Z"}
{"level":"info","message":"Connected to mongodb://localhost/storeApp...","timestamp":"2018-10-22T20:56:58.571Z"}
{"level":"info","message":"Listening on port 3000...","timestamp":"2018-10-22T20:59:29.624Z"}
{"level":"info","message":"Connected to mongodb://localhost/storeApp...","timestamp":"2018-10-22T20:59:30.731Z"}
{"level":"info","message":"Listening on port 3000...","timestamp":"2018-10-22T21:01:45.598Z"}
{"level":"info","message":"Connected to mongodb://localhost/storeApp...","timestamp":"2018-10-22T21:01:46.690Z"}
{"level":"info","message":"Listening on port 3000...","timestamp":"2018-10-22T21:06:14.237Z"}
{"level":"info","message":"Connected to mongodb://localhost/storeApp...","timestamp":"2018-10-22T21:06:15.312Z"}
{"level":"info","message":"Listening on port 3000...","timestamp":"2018-10-22T21:06:24.974Z"}
{"level":"info","message":"Connected to mongodb://localhost/storeApp...","timestamp":"2018-10-22T21:06:26.079Z"}
{"level":"info","message":"Listening on port 3000...","timestamp":"2018-10-22T21:11:59.256Z"}
{"level":"info","message":"Connected to mongodb://localhost/storeApp...","timestamp":"2018-10-22T21:12:00.323Z"}
{"level":"info","message":"Listening on port 3000...","timestamp":"2018-10-22T21:13:11.070Z"}
{"level":"info","message":"Connected to mongodb://localhost/storeApp...","timestamp":"2018-10-22T21:13:12.188Z"}
{"level":"info","message":"Listening on port 3000...","timestamp":"2018-10-22T21:14:36.282Z"}
{"level":"info","message":"Listening on port 3000...","timestamp":"2018-10-22T21:14:39.611Z"}
{"level":"info","message":"Connected to mongodb://localhost/storeApp...","timestamp":"2018-10-22T21:14:40.691Z"}
{"level":"info","message":"Listening on port 3000...","timestamp":"2018-10-22T21:15:06.694Z"}
{"level":"info","message":"Connected to mongodb://localhost/storeApp...","timestamp":"2018-10-22T21:15:07.781Z"}
{"level":"info","message":"Listening on port 3000...","timestamp":"2018-10-22T21:18:06.752Z"}
{"level":"info","message":"Connected to mongodb://localhost/storeApp...","timestamp":"2018-10-22T21:18:07.833Z"}
{"level":"info","message":"Listening on port 3000...","timestamp":"2018-10-22T21:18:20.897Z"}
{"level":"info","message":"Connected to mongodb://localhost/storeApp...","timestamp":"2018-10-22T21:18:21.973Z"}
{"message":"req is not defined","stack":"ReferenceError: req is not defined\n    at getEverything (C:\\xampp\\htdocs\\Portfolio\\NodeProject\\node_try\\routes\\order.js:212:47)\n    at router.get (C:\\xampp\\htdocs\\Portfolio\\NodeProject\\node_try\\routes\\order.js:204:11)\n    at newFn (C:\\xampp\\htdocs\\Portfolio\\NodeProject\\node_try\\node_modules\\express-async-errors\\index.js:16:20)\n    at Layer.handle [as handle_request] (C:\\xampp\\htdocs\\Portfolio\\NodeProject\\node_try\\node_modules\\express\\lib\\router\\layer.js:95:5)\n    at next (C:\\xampp\\htdocs\\Portfolio\\NodeProject\\node_try\\node_modules\\express\\lib\\router\\route.js:137:13)\n    at module.exports (C:\\xampp\\htdocs\\Portfolio\\NodeProject\\node_try\\middleware\\auth.js:18:9)\n    at newFn (C:\\xampp\\htdocs\\Portfolio\\NodeProject\\node_try\\node_modules\\express-async-errors\\index.js:16:20)\n    at Layer.handle [as handle_request] (C:\\xampp\\htdocs\\Portfolio\\NodeProject\\node_try\\node_modules\\express\\lib\\router\\layer.js:95:5)\n    at next (C:\\xampp\\htdocs\\Portfolio\\NodeProject\\node_try\\node_modules\\express\\lib\\router\\route.js:137:13)\n    at Route.dispatch (C:\\xampp\\htdocs\\Portfolio\\NodeProject\\node_try\\node_modules\\express\\lib\\router\\route.js:112:3)\n    at newFn (C:\\xampp\\htdocs\\Portfolio\\NodeProject\\node_try\\node_modules\\express-async-errors\\index.js:16:20)\n    at Layer.handle [as handle_request] (C:\\xampp\\htdocs\\Portfolio\\NodeProject\\node_try\\node_modules\\express\\lib\\router\\layer.js:95:5)\n    at C:\\xampp\\htdocs\\Portfolio\\NodeProject\\node_try\\node_modules\\express\\lib\\router\\index.js:281:22\n    at Function.process_params (C:\\xampp\\htdocs\\Portfolio\\NodeProject\\node_try\\node_modules\\express\\lib\\router\\index.js:335:12)\n    at next (C:\\xampp\\htdocs\\Portfolio\\NodeProject\\node_try\\node_modules\\express\\lib\\router\\index.js:275:10)\n    at Function.handle (C:\\xampp\\htdocs\\Portfolio\\NodeProject\\node_try\\node_modules\\express\\lib\\router\\index.js:174:3)","level":"error","timestamp":"2018-10-22T21:18:30.674Z"}
{"level":"info","message":"Listening on port 3000...","timestamp":"2018-10-22T21:18:58.862Z"}
{"level":"info","message":"Connected to mongodb://localhost/storeApp...","timestamp":"2018-10-22T21:18:59.939Z"}
{"message":"req is not defined","stack":"ReferenceError: req is not defined\n    at getEverything (C:\\xampp\\htdocs\\Portfolio\\NodeProject\\node_try\\routes\\order.js:231:5)\n    at <anonymous>\n    at process._tickCallback (internal/process/next_tick.js:188:7)","level":"error","timestamp":"2018-10-22T21:19:05.238Z"}
{"level":"info","message":"Listening on port 3000...","timestamp":"2018-10-22T21:19:37.548Z"}
{"level":"info","message":"Connected to mongodb://localhost/storeApp...","timestamp":"2018-10-22T21:19:38.632Z"}
{"level":"info","message":"Listening on port 3000...","timestamp":"2018-10-22T21:19:46.274Z"}
{"level":"info","message":"Connected to mongodb://localhost/storeApp...","timestamp":"2018-10-22T21:19:47.363Z"}
{"level":"info","message":"Listening on port 3000...","timestamp":"2018-10-22T21:20:50.793Z"}
{"level":"info","message":"Connected to mongodb://localhost/storeApp...","timestamp":"2018-10-22T21:20:51.876Z"}
{"message":"dateEstimated is not defined","stack":"ReferenceError: dateEstimated is not defined\n    at router.get (C:\\xampp\\htdocs\\Portfolio\\NodeProject\\node_try\\routes\\order.js:210:24)\n    at <anonymous>\n    at process._tickCallback (internal/process/next_tick.js:188:7)","level":"error","timestamp":"2018-10-22T21:20:56.961Z"}
{"level":"info","message":"Listening on port 3000...","timestamp":"2018-10-22T21:21:14.797Z"}
{"level":"info","message":"Connected to mongodb://localhost/storeApp...","timestamp":"2018-10-22T21:21:15.886Z"}
{"level":"info","message":"Listening on port 3000...","timestamp":"2018-10-22T21:21:55.872Z"}
{"level":"info","message":"Connected to mongodb://localhost/storeApp...","timestamp":"2018-10-22T21:21:56.985Z"}
{"level":"info","message":"Listening on port 3000...","timestamp":"2018-10-22T21:22:00.390Z"}
{"level":"info","message":"Connected to mongodb://localhost/storeApp...","timestamp":"2018-10-22T21:22:01.474Z"}
{"level":"info","message":"Listening on port 3000...","timestamp":"2018-10-22T21:22:30.585Z"}
{"level":"info","message":"Connected to mongodb://localhost/storeApp...","timestamp":"2018-10-22T21:22:31.684Z"}
{"level":"info","message":"Listening on port 3000...","timestamp":"2018-10-22T21:22:37.726Z"}
{"level":"info","message":"Connected to mongodb://localhost/storeApp...","timestamp":"2018-10-22T21:22:38.808Z"}
{"level":"info","message":"Listening on port 3000...","timestamp":"2018-10-22T21:25:01.866Z"}
{"level":"info","message":"Connected to mongodb://localhost/storeApp...","timestamp":"2018-10-22T21:25:02.939Z"}
{"level":"info","message":"Listening on port 3000...","timestamp":"2018-10-22T21:25:08.659Z"}
{"level":"info","message":"Connected to mongodb://localhost/storeApp...","timestamp":"2018-10-22T21:25:09.737Z"}
{"level":"info","message":"Listening on port 3000...","timestamp":"2018-10-22T21:26:06.703Z"}
{"level":"info","message":"Connected to mongodb://localhost/storeApp...","timestamp":"2018-10-22T21:26:07.776Z"}
{"level":"info","message":"Listening on port 3000...","timestamp":"2018-10-22T21:26:40.362Z"}
{"level":"info","message":"Connected to mongodb://localhost/storeApp...","timestamp":"2018-10-22T21:26:41.448Z"}
{"level":"info","message":"Listening on port 3000...","timestamp":"2018-10-22T21:26:45.811Z"}
{"level":"info","message":"Connected to mongodb://localhost/storeApp...","timestamp":"2018-10-22T21:26:46.899Z"}
{"level":"info","message":"Listening on port 3000...","timestamp":"2018-10-22T21:27:13.640Z"}
{"level":"info","message":"Connected to mongodb://localhost/storeApp...","timestamp":"2018-10-22T21:27:14.719Z"}
{"level":"info","message":"Listening on port 3000...","timestamp":"2018-10-22T21:27:41.731Z"}
{"level":"info","message":"Connected to mongodb://localhost/storeApp...","timestamp":"2018-10-22T21:27:42.834Z"}
{"level":"info","message":"Listening on port 3000...","timestamp":"2018-10-22T21:27:48.936Z"}
{"level":"info","message":"Connected to mongodb://localhost/storeApp...","timestamp":"2018-10-22T21:27:50.005Z"}
{"level":"info","message":"Listening on port 3000...","timestamp":"2018-10-22T21:28:04.305Z"}
{"level":"info","message":"Connected to mongodb://localhost/storeApp...","timestamp":"2018-10-22T21:28:05.377Z"}
{"level":"info","message":"Listening on port 3000...","timestamp":"2018-10-22T21:28:09.189Z"}
{"level":"info","message":"Connected to mongodb://localhost/storeApp...","timestamp":"2018-10-22T21:28:10.301Z"}
{"level":"info","message":"Listening on port 3000...","timestamp":"2018-10-22T21:28:53.603Z"}
{"level":"info","message":"Connected to mongodb://localhost/storeApp...","timestamp":"2018-10-22T21:28:54.676Z"}
{"level":"info","message":"Listening on port 3000...","timestamp":"2018-10-22T21:29:53.154Z"}
{"level":"info","message":"Connected to mongodb://localhost/storeApp...","timestamp":"2018-10-22T21:29:54.269Z"}
{"level":"info","message":"Listening on port 3000...","timestamp":"2018-10-22T21:30:03.811Z"}
{"level":"info","message":"Connected to mongodb://localhost/storeApp...","timestamp":"2018-10-22T21:30:04.899Z"}
{"level":"info","message":"Listening on port 3000...","timestamp":"2018-10-22T21:30:32.530Z"}
{"level":"info","message":"Connected to mongodb://localhost/storeApp...","timestamp":"2018-10-22T21:30:33.633Z"}
{"level":"info","message":"Listening on port 3000...","timestamp":"2018-10-22T21:30:42.989Z"}
{"level":"info","message":"Connected to mongodb://localhost/storeApp...","timestamp":"2018-10-22T21:30:44.037Z"}
{"level":"info","message":"Listening on port 3000...","timestamp":"2018-10-22T21:31:22.060Z"}
{"level":"info","message":"Connected to mongodb://localhost/storeApp...","timestamp":"2018-10-22T21:31:23.143Z"}
